[INFO] Scanning for projects...
[INFO] 
[INFO] --------------------< com.example:SocialMediaAlmat >--------------------
[INFO] Building SocialMediaAlmat 0.0.1-SNAPSHOT
[INFO]   from pom.xml
[INFO] --------------------------------[ jar ]---------------------------------
[INFO] 
[INFO] >>> spring-boot:4.0.3:run (default-cli) > test-compile @ SocialMediaAlmat >>>
[INFO] 
[INFO] --- resources:3.3.1:resources (default-resources) @ SocialMediaAlmat ---
[INFO] Copying 1 resource from src\main\resources to target\classes
[INFO] Copying 0 resource from src\main\resources to target\classes
[INFO] 
[INFO] --- compiler:3.14.1:compile (default-compile) @ SocialMediaAlmat ---
[INFO] Nothing to compile - all classes are up to date.
[INFO] 
[INFO] --- resources:3.3.1:testResources (default-testResources) @ SocialMediaAlmat ---
[INFO] skip non existing resourceDirectory C:\SocialMediaAlmat\src\test\resources
[INFO] 
[INFO] --- compiler:3.14.1:testCompile (default-testCompile) @ SocialMediaAlmat ---
[INFO] Nothing to compile - all classes are up to date.
[INFO] 
[INFO] <<< spring-boot:4.0.3:run (default-cli) < test-compile @ SocialMediaAlmat <<<
[INFO] 
[INFO] 
[INFO] --- spring-boot:4.0.3:run (default-cli) @ SocialMediaAlmat ---
[INFO] Attaching agents: []

  .   ____          _            __ _ _
 /\\ / ___'_ __ _ _(_)_ __  __ _ \ \ \ \
( ( )\___ | '_ | '_| | '_ \/ _` | \ \ \ \
 \\/  ___)| |_)| | | | | || (_| |  ) ) ) )
  '  |____| .__|_| |_|_| |_\__, | / / / /
 =========|_|==============|___/=/_/_/_/

 :: Spring Boot ::                (v4.0.3)

2026-02-27T20:49:58.587+03:00  INFO 13204 --- [SocialMediaAlmat] [           main] c.e.S.SocialMediaAlmatApplication        : Starting SocialMediaAlmatApplication using Java 17.0.18 with PID 13204 (C:\SocialMediaAlmat\target\classes started by Kleyn in C:\SocialMediaAlmat)
2026-02-27T20:49:58.598+03:00  INFO 13204 --- [SocialMediaAlmat] [           main] c.e.S.SocialMediaAlmatApplication        : No active profile set, falling back to 1 default profile: "default"
2026-02-27T20:50:01.168+03:00  INFO 13204 --- [SocialMediaAlmat] [           main] o.s.boot.tomcat.TomcatWebServer          : Tomcat initialized with port 8080 (http)
2026-02-27T20:50:01.198+03:00  INFO 13204 --- [SocialMediaAlmat] [           main] o.apache.catalina.core.StandardService   : Starting service [Tomcat]
2026-02-27T20:50:01.199+03:00  INFO 13204 --- [SocialMediaAlmat] [           main] o.apache.catalina.core.StandardEngine    : Starting Servlet engine: [Apache Tomcat/11.0.18]
2026-02-27T20:50:01.361+03:00  INFO 13204 --- [SocialMediaAlmat] [           main] b.w.c.s.WebApplicationContextInitializer : Root WebApplicationContext: initialization completed in 2450 ms
2026-02-27T20:50:02.348+03:00  WARN 13204 --- [SocialMediaAlmat] [           main] ConfigServletWebServerApplicationContext : Exception encountered during context initialization - cancelling refresh attempt: org.springframework.context.ApplicationContextException: Failed to start bean 'webServerStartStop'
2026-02-27T20:50:02.364+03:00  INFO 13204 --- [SocialMediaAlmat] [           main] .s.b.a.l.ConditionEvaluationReportLogger : 

Error starting ApplicationContext. To display the condition evaluation report re-run your application with 'debug' enabled.
2026-02-27T20:50:02.394+03:00 ERROR 13204 --- [SocialMediaAlmat] [           main] o.s.b.d.LoggingFailureAnalysisReporter   : 

***************************
APPLICATION FAILED TO START
***************************

Description:

Web server failed to start. Port 8080 was already in use.

Action:

Identify and stop the process that's listening on port 8080 or configure this application to listen on another port.

[INFO] ------------------------------------------------------------------------
[INFO] BUILD FAILURE
[INFO] ------------------------------------------------------------------------
[INFO] Total time:  9.903 s
[INFO] Finished at: 2026-02-27T20:50:02+03:00
[INFO] ------------------------------------------------------------------------
[ERROR] Failed to execute goal org.springframework.boot:spring-boot-maven-plugin:4.0.3:run (default-cli) on project SocialMediaAlmat: Process terminated with exit code: 1 -> [Help 1]
[ERROR] 
[ERROR] To see the full stack trace of the errors, re-run Maven with the -e switch.
[ERROR] Re-run Maven using the -X switch to enable full debug logging.
[ERROR] 
[ERROR] For more information about the errors and possible solutions, please read the following articles:
[ERROR] [Help 1] http://cwiki.apache.org/confluence/display/MAVEN/MojoExecutionException
